鬠ｿ

>>> START scripts¥01_normalize.py at 2026-05-20 20:56:58 +08:00
============================================================
01_normalize.py - 魹ｽ魹ｽﾗｼ魹ｽ魹ｽﾔｭﾊｼ魹ｽ魹ｽ魹ｽ魹ｽ
============================================================

魹ｽ魹ｽ魹ｽ魹ｽﾔｭﾊｼ魹ｽﾄｼ魹ｽ...
  train: 171471
  valid: 1004
  test:  1002

魹ｽ魹ｽﾗｼ魹ｽ魹ｽ...

魹ｽ魹ｽﾗｼ魹ｽ魹ｽ魹ｽ魹ｽ cate 魹ｽﾖｲ魹ｽ:

  train (171471 魹ｽ魹ｽ):
    魹ｽ魹ｽ魹ｽ魹ｽ魹ｽ魹ｽ魹ｽ: 20000
    魹ｽ魹ｽ魹ｽ魹ｽ: 20000
    魹ｽ魹ｽ魹ｽ魹ｽ: 20000
    魹ｽ魹ｽﾆｷ: 20000
    魹ｽﾂｼ魹ｽ: 19001
    魹ｽ魹ｽﾖｯ: 18390
    魹ｽ魹ｽ魹ｽ魹ｽ: 16528
    魹ｽ魹ｽ魹ｽ魹ｽ: 10000
    魹ｽ魹ｽ魹ｽ魹ｽ魹ｽ魹ｽ魹ｽ: 10000
    魹ｽ魹ｽ魹ｽﾄｶ魹ｽ魹ｽ魹ｽ: 10000
    魹ｽ魹ｽﾈｻ魹ｽ魹ｽﾑｧ: 4308
    ﾒｽﾑｧ: 3244

  valid (1004 魹ｽ魹ｽ):
    魹ｽ魹ｽ魹ｽ魹ｽ魹ｽ魹ｽ魹ｽ: 104
    魹ｽ魹ｽ魹ｽ魹ｽ: 101
    魹ｽ魹ｽ魹ｽ魹ｽ: 100
    魹ｽﾂｼ魹ｽ: 100
    魹ｽ魹ｽﾆｷ: 100
    魹ｽ魹ｽ魹ｽ魹ｽ: 100
    魹ｽ魹ｽﾖｯ: 100
    魹ｽ魹ｽ魹ｽ魹ｽ: 99
    魹ｽ魹ｽ魹ｽﾄｶ魹ｽ魹ｽ魹ｽ: 50
    ﾒｽﾑｧ: 50
    魹ｽ魹ｽﾈｻ魹ｽ魹ｽﾑｧ: 50
    魹ｽ魹ｽ魹ｽ魹ｽ魹ｽ魹ｽ魹ｽ: 50

  test (1002 魹ｽ魹ｽ):
    魹ｽﾂｼ魹ｽ: 109
    魹ｽ魹ｽ魹ｽ魹ｽ: 100
    魹ｽ魹ｽ魹ｽ魹ｽ: 100
    魹ｽ魹ｽ魹ｽ魹ｽ: 100
    魹ｽ魹ｽﾆｷ: 100
    魹ｽ魹ｽ魹ｽ魹ｽ: 100
    魹ｽ魹ｽﾖｯ: 100
    魹ｽ魹ｽ魹ｽ魹ｽ魹ｽ魹ｽ魹ｽ: 98
    魹ｽ魹ｽ魹ｽﾄｶ魹ｽ魹ｽ魹ｽ: 50
    魹ｽ魹ｽﾈｻ魹ｽ魹ｽﾑｧ: 50
    魹ｽ魹ｽ魹ｽ魹ｽ魹ｽ魹ｽ魹ｽ: 50
    ﾒｽﾑｧ: 45

魹ｽ魹ｽ魹ｽ魹ｽ魹ｽﾗｼ魹ｽ魹ｽ魹ｽﾄｼ魹ｽ...
  E:¥MicroLM¥data¥processed¥normalized_train.jsonl
  E:¥MicroLM¥data¥processed¥normalized_valid.jsonl
  E:¥MicroLM¥data¥processed¥normalized_test.jsonl

魹ｽ魹ｽ魹ｽ魹ｽ: E:¥MicroLM¥reports¥normalize_report.json

[01_normalize] 魹ｽ魹ｽ魹ｽ.
<<< END scripts¥01_normalize.py exit=0 elapsed=00:00:08.1345226

>>> START scripts¥02_filter.py at 2026-05-20 20:57:07 +08:00
============================================================
02_filter.py - 魹ｽ魹ｽ魹ｽ魹ｽ魹ｽ魹ｽ魹ｽ
============================================================

魹ｽ魹ｽ魹ｽﾘｱ魹ｽﾗｼ魹ｽ魹ｽ魹ｽ魹ｽ魹ｽ魹ｽ...
  train: 171471
  valid: 1004
  test:  1002

[ﾐｹﾂｩ魹ｽ魹ｽ魹ｽ]
  valid ﾎｨﾒｻ魹ｽﾄｱ魹ｽ: 1004
  test ﾎｨﾒｻ魹ｽﾄｱ魹ｽ: 1002

[魹ｽ魹ｽ魹ｽ魹ｽ per-topic 魹ｽ魹ｽﾎｻ魹ｽ魹ｽ]

  魹ｽ魹ｽﾎｻ魹ｽ魹ｽﾍｳ魹ｽ魹ｽ (P99 魹ｽ魹ｽ魹ｽ魹ｽ魹ｽ魹ｽ魹ｽ魹ｽ魹ｽ魹ｽ):
  Topic           魹ｽ魹ｽ魹ｽ檝､魹ｽ魹ｽP99      魹ｽ魹ｽ魹ｽ魹ｽ魹ｽ魹ｽ魹ｽP99     魹ｽ魹ｽﾏｵ魹ｽ魹ｽP99    ht魹ｽ魹ｽ魹ｽ魹ｽP99
  ---------- ------------ ------------ ---------- ----------
  魹ｽﾂｼ魹ｽ                  641          973         16         42
  魹ｽ魹ｽ魹ｽ魹ｽ                  721         1663         31         49
  魹ｽ魹ｽ魹ｽ魹ｽ魹ｽ魹ｽ魹ｽ                648          479          9         30
  魹ｽ魹ｽﾆｷ                  620         1262         22         43
  ﾒｽﾑｧ                  654         1338         24         77
  魹ｽ魹ｽ魹ｽ魹ｽ魹ｽ魹ｽ魹ｽ                460          567         10         26
  魹ｽ魹ｽ魹ｽﾄｶ魹ｽ魹ｽ魹ｽ                460          494          9         31
  魹ｽ魹ｽ魹ｽ魹ｽ                  529          691         12         46
  魹ｽ魹ｽ魹ｽ魹ｽ                  425          981         19         28
  魹ｽ魹ｽﾖｯ                  559          685         12         52
  魹ｽ魹ｽﾈｻ魹ｽ魹ｽﾑｧ                574          584         11         36
  魹ｽ魹ｽ魹ｽ魹ｽ                  411          639         11         34

[ﾓｲ魹ｽ魹ｽ魹ｽ魹ｽ] 魹ｽ魹ｽﾊｼ...
  ﾓｲ魹ｽ魹ｽ魹ｽ魹ｽﾇｰ: 171471
  ﾓｲ魹ｽ魹ｽ魹ｽﾋｺ魹ｽ: 167886
  魹ｽﾞｳ魹ｽ魹ｽ魹ｽﾏｸ:
    empty_relation: 2446
    leak_with_valid_test: 638
    too_many_relations: 632
    too_long_input: 145
    too_long_head_tail: 40
    too_short_input: 3
    魹ｽ魹ｽ魹ｽﾞｳ魹ｽ: 3904 (魹ｽ魹ｽ魹ｽ魹ｽ魹ｽ魹ｽ)

[魹ｽ魹ｽ魹ｽ魹ｽ魹ｽ] 魹ｽ魹ｽﾊｼ (per-topic P99 魹ｽ魹ｽﾖｵ)...
  魹ｽ魹ｽ魹ｽ魹ｽ魹ｽﾇｰ: 167886
  魹ｽ魹ｽ魹ｽ魹ｽﾋｺ魹ｽ: 163629
  魹ｽﾞｳ魹ｽ魹ｽ魹ｽﾏｸ:
    soft_input_len_exceed: 1499
    soft_head_tail_len_exceed: 1461
    soft_relation_count_exceed: 984
    soft_output_len_exceed: 313

[魹ｽ魹ｽ魹ｽﾋｺ魹ｽ topic 魹ｽﾖｲ魹ｽ]
  魹ｽ魹ｽ魹ｽ魹ｽ魹ｽ魹ｽ魹ｽ: 19461 / 20000 (魹ｽ魹ｽ魹ｽ魹ｽ 97.3%)
  魹ｽ魹ｽﾆｷ: 19372 / 20000 (魹ｽ魹ｽ魹ｽ魹ｽ 96.9%)
  魹ｽ魹ｽ魹ｽ魹ｽ: 19268 / 20000 (魹ｽ魹ｽ魹ｽ魹ｽ 96.3%)
  魹ｽ魹ｽ魹ｽ魹ｽ: 19155 / 20000 (魹ｽ魹ｽ魹ｽ魹ｽ 95.8%)
  魹ｽﾂｼ魹ｽ: 18267 / 19001 (魹ｽ魹ｽ魹ｽ魹ｽ 96.1%)
  魹ｽ魹ｽﾖｯ: 17743 / 18390 (魹ｽ魹ｽ魹ｽ魹ｽ 96.5%)
  魹ｽ魹ｽ魹ｽ魹ｽ: 15977 / 16528 (魹ｽ魹ｽ魹ｽ魹ｽ 96.7%)
  魹ｽ魹ｽ魹ｽﾄｶ魹ｽ魹ｽ魹ｽ: 9710 / 10000 (魹ｽ魹ｽ魹ｽ魹ｽ 97.1%)
  魹ｽ魹ｽ魹ｽ魹ｽ: 9689 / 10000 (魹ｽ魹ｽ魹ｽ魹ｽ 96.9%)
  魹ｽ魹ｽ魹ｽ魹ｽ魹ｽ魹ｽ魹ｽ: 8585 / 10000 (魹ｽ魹ｽ魹ｽ魹ｽ 85.9%)
  魹ｽ魹ｽﾈｻ魹ｽ魹ｽﾑｧ: 3662 / 4308 (魹ｽ魹ｽ魹ｽ魹ｽ 85.0%)
  ﾒｽﾑｧ: 2740 / 3244 (魹ｽ魹ｽ魹ｽ魹ｽ 84.5%)

魹ｽ魹ｽ魹ｽ魹ｽ魹ｽ魹ｽﾋｺ魹ｽ魹ｽ魹ｽ魹ｽ魹ｽ...
  E:¥MicroLM¥data¥processed¥filtered_train.jsonl
  E:¥MicroLM¥reports¥filter_report.json

[02_filter] 魹ｽ魹ｽ魹ｽ. 171471 -> 163629 (魹ｽ魹ｽ魹ｽ魹ｽ 95.4%)
<<< END scripts¥02_filter.py exit=0 elapsed=00:00:06.5184475

>>> START scripts¥03_quality_tier.py at 2026-05-20 20:57:13 +08:00
============================================================
03_quality_tier.py - 魹ｽ魹ｽ魹ｽ魹ｽ魹ｽ魹ｽ魹ｽ魹ｽ魹ｽﾖｲ魹ｽ
============================================================

魹ｽ魹ｽ魹ｽﾘｹ魹ｽ魹ｽﾋｺ魹ｽ魹ｽ魹ｽ魹ｽ魹ｽ: 163629 魹ｽ魹ｽ

魹ｽ魹ｽ魹ｽ魹ｽ魹ｽﾖｲ魹ｽ魹ｽ魹ｽ...

魹ｽ魹ｽ魹ｽ魹ｽ魹ｽﾖｲ魹ｽ魹ｽ魹ｽ:
  high: 156275 (95.5%)
  medium: 6340 (3.9%)
  low: 1014 (0.6%)

ﾆ･魹ｽ魹ｽ魹ｽ魹ｽﾍｳ魹ｽ魹ｽ:
  ﾆｽ魹ｽ魹ｽ: 99.7%
  100%ﾆ･魹ｽ魹ｽ: 160782 (98.3%)

魹ｽ魹ｽﾎｬ魹ｽﾈｴ魹ｽ魹ｽ魹ｽ魹ｽ:
  match: 160782/163629 (98.3%)
  rel_count: 142136/163629 (86.9%)
  input_len: 151848/163629 (92.8%)

魹ｽ魹ｽ topic 魹ｽ魹ｽ魹ｽ魹ｽ魹ｽﾖｲ魹ｽ:
  Topic          high   medium      low    high%
  魹ｽﾂｼ魹ｽ            17580      516      171    96.2%
  魹ｽ魹ｽ魹ｽ魹ｽ            15708     3191      256    82.0%
  魹ｽ魹ｽ魹ｽ魹ｽ魹ｽ魹ｽ魹ｽ           8203      365       17    95.6%
  魹ｽ魹ｽﾆｷ            18399      899       74    95.0%
  ﾒｽﾑｧ             2391      286       63    87.3%
  魹ｽ魹ｽ魹ｽ魹ｽ魹ｽ魹ｽ魹ｽ          19344       93       24    99.4%
  魹ｽ魹ｽ魹ｽﾄｶ魹ｽ魹ｽ魹ｽ           9697        9        4    99.9%
  魹ｽ魹ｽ魹ｽ魹ｽ            15627      283       67    97.8%
  魹ｽ魹ｽ魹ｽ魹ｽ             9377      213       99    96.8%
  魹ｽ魹ｽﾖｯ            17548      124       71    98.9%
  魹ｽ魹ｽﾈｻ魹ｽ魹ｽﾑｧ           3526      104       32    96.3%
  魹ｽ魹ｽ魹ｽ魹ｽ            18875      257      136    98.0%

魹ｽ魹ｽ魹ｽ魹ｽ: E:¥MicroLM¥data¥processed¥tiered_train.jsonl
魹ｽ魹ｽ魹ｽ魹ｽ: E:¥MicroLM¥reports¥quality_report.json

[03_quality_tier] 魹ｽ魹ｽ魹ｽ.
<<< END scripts¥03_quality_tier.py exit=0 elapsed=00:00:04.2055494

>>> START scripts¥04_derive_tasks.py at 2026-05-20 20:57:17 +08:00
============================================================
04_derive_tasks.py - 魹ｽ魹ｽ魹ｽ魹ｽ魹ｽ魹ｽ魹ｽ魹ｽ SFT 魹ｽ魹ｽ魹ｽ魹ｽ
============================================================

魹ｽ魹ｽ魹ｽﾘｷﾖｲ魹ｽ魹ｽ魹ｽ魹ｽ魹ｽ魹ｽ: 163629 魹ｽ魹ｽ
Schema topics: ['魹ｽﾂｼ魹ｽ', '魹ｽ魹ｽﾈｻ魹ｽ魹ｽﾑｧ', '魹ｽ魹ｽ魹ｽ魹ｽ魹ｽ盪ｹ', '魹ｽ魹ｽ魹ｽ魹ｽ魹ｽ魹ｽ魹ｽ', '魹ｽ魹ｽﾖｯ', 'ﾒｽﾑｧ', '魹ｽ魹ｽ魹ｽﾄｶ魹ｽ魹ｽ魹ｽ', '魹ｽ魹ｽ魹ｽ魹ｽ魹ｽ魹ｽ魹ｽ', '魹ｽ魹ｽ魹ｽ魹ｽ', '魹ｽ魹ｽﾆｷ', '魹ｽ魹ｽ魹ｽ魹ｽ', '魹ｽ魹ｽ魹ｽ魹ｽ']
  魹ｽﾑｴ魹ｽ魹ｽ魹ｽ 50000/163629...
  魹ｽﾑｴ魹ｽ魹ｽ魹ｽ 100000/163629...
  魹ｽﾑｴ魹ｽ魹ｽ魹ｽ 150000/163629...

魹ｽ魹ｽ魹ｽ魹ｽ魹ｽ魹ｽ魹ｽ:
  魹ｽ魹ｽ魹ｽ魹ｽ魹ｽ魹ｽ魹ｽ魹ｽ: 163629
  魹ｽ魹ｽ魹ｽ魹ｽ魹ｽ魹ｽ魹ｽ魹ｽ魹ｽ魹ｽ魹ｽ魹ｽ: 623650
  ie_extraction: 163629 (26.2%)
  text_to_json: 162615 (26.1%)
  format_following: 156275 (25.1%)
  schema_repair: 141131 (22.6%)

魹ｽ魹ｽ topic 魹ｽ魹ｽ魹ｽ魹ｽ魹ｽ魹ｽ魹ｽ魹ｽ:
  魹ｽ魹ｽ魹ｽ魹ｽ魹ｽ魹ｽ魹ｽ: 77549
  魹ｽ魹ｽ魹ｽ魹ｽ: 75844
  魹ｽ魹ｽﾆｷ: 74745
  魹ｽ魹ｽ魹ｽ魹ｽ: 69469
  魹ｽﾂｼ魹ｽ: 68464
  魹ｽ魹ｽﾖｯ: 68238
  魹ｽ魹ｽ魹ｽ魹ｽ: 62359
  魹ｽ魹ｽ魹ｽﾄｶ魹ｽ魹ｽ魹ｽ: 38599
  魹ｽ魹ｽ魹ｽ魹ｽ: 38024
  魹ｽ魹ｽ魹ｽ魹ｽ魹ｽ魹ｽ魹ｽ: 28627
  魹ｽ魹ｽﾈｻ魹ｽ魹ｽﾑｧ: 12418
  ﾒｽﾑｧ: 9314

魹ｽ魹ｽ魹ｽ魹ｽ: E:¥MicroLM¥data¥processed¥derived_all.jsonl
魹ｽ魹ｽ魹ｽ魹ｽ: E:¥MicroLM¥reports¥derive_report.json

[04_derive_tasks] 魹ｽ魹ｽ魹ｽ. 163629 魹ｽ魹ｽﾔｭﾊｼ魹ｽ魹ｽ魹ｽ魹ｽ -> 623650 魹ｽ魹ｽ魹ｽ魹ｽ魹ｽ魹ｽ魹ｽ魹ｽ魹ｽ魹ｽ
<<< END scripts¥04_derive_tasks.py exit=0 elapsed=00:00:12.2159933

>>> START scripts¥05_stratified_sample.py at 2026-05-20 20:57:30 +08:00
============================================================
05_stratified_sample.py - 魹ｽﾖｲ魹ｽ魹ｽ魹ｽ魹ｽ
============================================================

魹ｽ魹ｽ魹ｽ魹ｽ魹ｽ魹ｽ魹ｽ魹ｽ魹ｽ魹ｽ魹ｽ魹ｽ: 623650 魹ｽ魹ｽ
ﾄｿ魹ｽ魹ｽ魹ｽ魹ｽ魹ｽ魹ｽ魹ｽ: 30000
魹ｽ魹ｽ魹ｽ魹ｽ魹ｽ魹ｽ魹ｽ: {'ie_extraction': 0.5, 'text_to_json': 0.25, 'format_following': 0.15, 'schema_repair': 0.1}

魹ｽ魹ｽ魹ｽ魹ｽ魹ｽ魹ｽﾄｿ魹ｽ魹ｽ魹ｽ魹ｽ:
  ie_extraction: 15000
  text_to_json: 7500
  format_following: 4500
  schema_repair: 3000

魹ｽ魹ｽ魹ｽ魹ｽ魹ｽ魹ｽ魹ｽ魹ｽ魹ｽ魹ｽ魹ｽ:
  ie_extraction: 163629
  text_to_json: 162615
  format_following: 156275
  schema_repair: 141131

魹ｽ魹ｽ魹ｽ魹ｽ ie_extraction (ﾄｿ魹ｽ魹ｽ 15000)...
  魹ｽ魹ｽ魹ｽ魹ｽ魹ｽ魹ｽ魹ｽ: 15000

魹ｽ魹ｽ魹ｽ魹ｽ text_to_json (ﾄｿ魹ｽ魹ｽ 7500)...
  魹ｽ魹ｽ魹ｽ魹ｽ魹ｽ魹ｽ魹ｽ: 7500

魹ｽ魹ｽ魹ｽ魹ｽ format_following (ﾄｿ魹ｽ魹ｽ 4500)...
  魹ｽ魹ｽ魹ｽ魹ｽ魹ｽ魹ｽ魹ｽ: 4500

魹ｽ魹ｽ魹ｽ魹ｽ schema_repair (ﾄｿ魹ｽ魹ｽ 3000)...
  魹ｽ魹ｽ魹ｽ魹ｽ魹ｽ魹ｽ魹ｽ: 3000

============================================================
魹ｽ魹ｽ魹ｽ魹ｽ魹ｽ魹ｽ魹ｽ魹ｽ魹ｽ魹ｽ魹ｽ
============================================================
魹ｽﾜｲ魹ｽ魹ｽ魹ｽ魹ｽ魹ｽ: 30000

魹ｽ魹ｽ魹ｽ魹ｽﾖｲ魹ｽ:
  ie_extraction: 15000 (50.0%)
  text_to_json: 7500 (25.0%)
  format_following: 4500 (15.0%)
  schema_repair: 3000 (10.0%)

Topic 魹ｽﾖｲ魹ｽ:
  魹ｽﾂｼ魹ｽ: 2500 (8.3%)
  魹ｽ魹ｽ魹ｽ魹ｽ: 2500 (8.3%)
  魹ｽ魹ｽ魹ｽ魹ｽ魹ｽ魹ｽ魹ｽ: 2500 (8.3%)
  魹ｽ魹ｽﾆｷ: 2500 (8.3%)
  ﾒｽﾑｧ: 2500 (8.3%)
  魹ｽ魹ｽ魹ｽ魹ｽ魹ｽ魹ｽ魹ｽ: 2500 (8.3%)
  魹ｽ魹ｽ魹ｽﾄｶ魹ｽ魹ｽ魹ｽ: 2500 (8.3%)
  魹ｽ魹ｽ魹ｽ魹ｽ: 2500 (8.3%)
  魹ｽ魹ｽ魹ｽ魹ｽ: 2500 (8.3%)
  魹ｽ魹ｽﾖｯ: 2500 (8.3%)
  魹ｽ魹ｽﾈｻ魹ｽ魹ｽﾑｧ: 2500 (8.3%)
  魹ｽ魹ｽ魹ｽ魹ｽ: 2500 (8.3%)

魹ｽ魹ｽ魹ｽ魹ｽ魹ｽﾖｲ魹ｽ:
  high: 30000 (100.0%)
  medium: 0 (0.0%)
  low: 0 (0.0%)

魹ｽ魹ｽ魹ｽﾓｶﾈｷﾖｲ魹ｽ:
  simple: 256 (0.9%)
  medium: 29620 (98.7%)
  complex: 124 (0.4%)

魹ｽ魹ｽ魹ｽ魹ｽ: E:¥MicroLM¥data¥processed¥sampled_train.jsonl
魹ｽ魹ｽ魹ｽ魹ｽ: E:¥MicroLM¥reports¥sample_report.json

[05_stratified_sample] 魹ｽ魹ｽ魹ｽ. 623650 -> 30000
<<< END scripts¥05_stratified_sample.py exit=0 elapsed=00:00:04.9448557

>>> START scripts¥06_to_chat_jsonl.py at 2026-05-20 20:57:34 +08:00
============================================================
06_to_chat_jsonl.py - 魹ｽ魹ｽ魹ｽ魹ｽﾗｪﾐｴ
============================================================

魹ｽ魹ｽ魹ｽﾘｲ魹ｽ魹ｽ魹ｽ魹ｽ魹ｽ魹ｽ魹ｽ魹ｽ魹ｽ: 30000 魹ｽ魹ｽ
ﾗｪﾎｪ chat-style JSONL...

魹ｽﾐｷ魹ｽ: train=28500, valid=1500 (ratio=0.05)

train task_type 魹ｽﾖｲ魹ｽ:
  ie_extraction: 14254 (50.0%)
  text_to_json: 7124 (25.0%)
  format_following: 4274 (15.0%)
  schema_repair: 2848 (10.0%)

valid task_type 魹ｽﾖｲ魹ｽ:
  ie_extraction: 746 (49.7%)
  text_to_json: 376 (25.1%)
  format_following: 226 (15.1%)
  schema_repair: 152 (10.1%)

魹ｽ魹ｽ魹ｽ魹ｽ:
  E:¥MicroLM¥data¥sft_candidate¥train.jsonl
  E:¥MicroLM¥data¥sft_candidate¥valid.jsonl
  E:¥MicroLM¥reports¥spotcheck_samples.jsonl (20 魹ｽ魹ｽ)
  E:¥MicroLM¥data¥sft_candidate¥metadata.json

魹ｽ魹ｽ魹ｽ魹ｽ魹ｽ魹ｽ魹ｽﾕｱ魹ｽ魹ｽ魹ｽ...
  E:¥MicroLM¥reports¥sft_candidate_report.md

============================================================
魹ｽ魹ｽ魹ｽ魹ｽ魹ｽ魹ｽﾖ､
============================================================
  JSON 魹ｽﾏｷ魹ｽ魹ｽ魹ｽ: 30000 ﾍｨ魹ｽ魹ｽ, 0 ﾊｧ魹ｽ魹ｽ
  魹ｽﾏｷ魹ｽ魹ｽ魹ｽ: 100.0%

[06_to_chat_jsonl] 魹ｽ魹ｽ魹ｽ.

魹ｽ魹ｽ魹ｽ魹ｽ魹ｽ魹ｽ魹ｽ蠏･:
  E:¥MicroLM¥data¥sft_candidate¥train.jsonl (28500 魹ｽ魹ｽ)
  E:¥MicroLM¥data¥sft_candidate¥valid.jsonl (1500 魹ｽ魹ｽ)
  E:¥MicroLM¥data¥sft_candidate¥metadata.json
  E:¥MicroLM¥reports¥sft_candidate_report.md
  E:¥MicroLM¥reports¥spotcheck_samples.jsonl (20 魹ｽ魹ｽ)
<<< END scripts¥06_to_chat_jsonl.py exit=0 elapsed=00:00:00.5904456
